# JRE version: OpenJDK Runtime Environment (8.0_152-b01) (build 1.8.0_152-release-915-b01)
# Java VM: OpenJDK 64-Bit Server VM (25.152-b01 mixed mode windows-amd64 compressed oops)
Heap:
 PSYoungGen      total 473088K, used 50156K [0x00000000e0000000, 0x0000000100000000, 0x0000000100000000)
  eden space 422912K, 0% used [0x00000000e0000000,0x00000000e0000000,0x00000000f9d00000)
  from space 50176K, 99% used [0x00000000f9d00000,0x00000000fcdfb2c8,0x00000000fce00000)
  to   space 51200K, 0% used [0x00000000fce00000,0x00000000fce00000,0x0000000100000000)
 ParOldGen       total 186880K, used 169576K [0x00000000a0000000, 0x00000000ab680000, 0x00000000e0000000)
  object space 186880K, 90% used [0x00000000a0000000,0x00000000aa59a318,0x00000000ab680000)
 Metaspace       used 92806K, capacity 100962K, committed 101120K, reserved 1136640K
  class space    used 11681K, capacity 13512K, committed 13568K, reserved 1048576K
GC Heap History (10 events):
Event: 22006.882 GC heap after
Heap after GC invocations=35 (full 4):
 PSYoungGen      total 432640K, used 13083K [0x00000000e0000000, 0x00000000ffb80000, 0x0000000100000000)
  eden space 419328K, 0% used [0x00000000e0000000,0x00000000e0000000,0x00000000f9980000)
  from space 13312K, 98% used [0x00000000f9980000,0x00000000fa646e48,0x00000000fa680000)
  to   space 50176K, 0% used [0x00000000fca80000,0x00000000fca80000,0x00000000ffb80000)
 ParOldGen       total 186880K, used 111360K [0x00000000a0000000, 0x00000000ab680000, 0x00000000e0000000)
  object space 186880K, 59% used [0x00000000a0000000,0x00000000a6cc03c0,0x00000000ab680000)
 Metaspace       used 92214K, capacity 99978K, committed 100224K, reserved 1136640K
  class space    used 11644K, capacity 13406K, committed 13440K, reserved 1048576K
}
Event: 22077.985 GC heap before
{Heap before GC invocations=36 (full 4):
 PSYoungGen      total 432640K, used 432411K [0x00000000e0000000, 0x00000000ffb80000, 0x0000000100000000)
  eden space 419328K, 100% used [0x00000000e0000000,0x00000000f9980000,0x00000000f9980000)
  from space 13312K, 98% used [0x00000000f9980000,0x00000000fa646e48,0x00000000fa680000)
  to   space 50176K, 0% used [0x00000000fca80000,0x00000000fca80000,0x00000000ffb80000)
 ParOldGen       total 186880K, used 111360K [0x00000000a0000000, 0x00000000ab680000, 0x00000000e0000000)
  object space 186880K, 59% used [0x00000000a0000000,0x00000000a6cc03c0,0x00000000ab680000)
 Metaspace       used 92382K, capacity 100266K, committed 100608K, reserved 1136640K
  class space    used 11659K, capacity 13452K, committed 13568K, reserved 1048576K
Event: 22078.006 GC heap after
Heap after GC invocations=36 (full 4):
 PSYoungGen      total 470016K, used 11115K [0x00000000e0000000, 0x0000000100000000, 0x0000000100000000)
  eden space 419840K, 0% used [0x00000000e0000000,0x00000000e0000000,0x00000000f9a00000)
  from space 50176K, 22% used [0x00000000fca80000,0x00000000fd55add8,0x00000000ffb80000)
  to   space 49664K, 0% used [0x00000000f9a00000,0x00000000f9a00000,0x00000000fca80000)
 ParOldGen       total 186880K, used 111360K [0x00000000a0000000, 0x00000000ab680000, 0x00000000e0000000)
  object space 186880K, 59% used [0x00000000a0000000,0x00000000a6cc03c0,0x00000000ab680000)
 Metaspace       used 92382K, capacity 100266K, committed 100608K, reserved 1136640K
  class space    used 11659K, capacity 13452K, committed 13568K, reserved 1048576K
}
Event: 22137.545 GC heap before
{Heap before GC invocations=37 (full 4):
 PSYoungGen      total 470016K, used 430693K [0x00000000e0000000, 0x0000000100000000, 0x0000000100000000)
  eden space 419840K, 99% used [0x00000000e0000000,0x00000000f99be948,0x00000000f9a00000)
  from space 50176K, 22% used [0x00000000fca80000,0x00000000fd55add8,0x00000000ffb80000)
  to   space 49664K, 0% used [0x00000000f9a00000,0x00000000f9a00000,0x00000000fca80000)
 ParOldGen       total 186880K, used 111360K [0x00000000a0000000, 0x00000000ab680000, 0x00000000e0000000)
  object space 186880K, 59% used [0x00000000a0000000,0x00000000a6cc03c0,0x00000000ab680000)
 Metaspace       used 92759K, capacity 100878K, committed 101120K, reserved 1136640K
  class space    used 11680K, capacity 13510K, committed 13568K, reserved 1048576K
Event: 22137.591 GC heap after
Heap after GC invocations=37 (full 4):
 PSYoungGen      total 469504K, used 27031K [0x00000000e0000000, 0x00000000ffd80000, 0x0000000100000000)
  eden space 419840K, 0% used [0x00000000e0000000,0x00000000e0000000,0x00000000f9a00000)
  from space 49664K, 54% used [0x00000000f9a00000,0x00000000fb465d48,0x00000000fca80000)
  to   space 48640K, 0% used [0x00000000fce00000,0x00000000fce00000,0x00000000ffd80000)
 ParOldGen       total 186880K, used 111368K [0x00000000a0000000, 0x00000000ab680000, 0x00000000e0000000)
  object space 186880K, 59% used [0x00000000a0000000,0x00000000a6cc23c0,0x00000000ab680000)
 Metaspace       used 92759K, capacity 100878K, committed 101120K, reserved 1136640K
  class space    used 11680K, capacity 13510K, committed 13568K, reserved 1048576K
}
Event: 22142.171 GC heap before
{Heap before GC invocations=38 (full 4):
 PSYoungGen      total 469504K, used 446871K [0x00000000e0000000, 0x00000000ffd80000, 0x0000000100000000)
  eden space 419840K, 100% used [0x00000000e0000000,0x00000000f9a00000,0x00000000f9a00000)
  from space 49664K, 54% used [0x00000000f9a00000,0x00000000fb465d48,0x00000000fca80000)
  to   space 48640K, 0% used [0x00000000fce00000,0x00000000fce00000,0x00000000ffd80000)
 ParOldGen       total 186880K, used 111368K [0x00000000a0000000, 0x00000000ab680000, 0x00000000e0000000)
  object space 186880K, 59% used [0x00000000a0000000,0x00000000a6cc23c0,0x00000000ab680000)
 Metaspace       used 92795K, capacity 100954K, committed 101120K, reserved 1136640K
  class space    used 11681K, capacity 13512K, committed 13568K, reserved 1048576K
Event: 22142.296 GC heap after
Heap after GC invocations=38 (full 4):
 PSYoungGen      total 471552K, used 32507K [0x00000000e0000000, 0x0000000100000000, 0x0000000100000000)
  eden space 422912K, 0% used [0x00000000e0000000,0x00000000e0000000,0x00000000f9d00000)
  from space 48640K, 66% used [0x00000000fce00000,0x00000000fedbeec8,0x00000000ffd80000)
  to   space 50176K, 0% used [0x00000000f9d00000,0x00000000f9d00000,0x00000000fce00000)
 ParOldGen       total 186880K, used 111368K [0x00000000a0000000, 0x00000000ab680000, 0x00000000e0000000)
  object space 186880K, 59% used [0x00000000a0000000,0x00000000a6cc23c0,0x00000000ab680000)
 Metaspace       used 92795K, capacity 100954K, committed 101120K, reserved 1136640K
  class space    used 11681K, capacity 13512K, committed 13568K, reserved 1048576K
}
Event: 22150.769 GC heap before
{Heap before GC invocations=39 (full 4):
 PSYoungGen      total 471552K, used 455419K [0x00000000e0000000, 0x0000000100000000, 0x0000000100000000)
  eden space 422912K, 100% used [0x00000000e0000000,0x00000000f9d00000,0x00000000f9d00000)
  from space 48640K, 66% used [0x00000000fce00000,0x00000000fedbeec8,0x00000000ffd80000)
  to   space 50176K, 0% used [0x00000000f9d00000,0x00000000f9d00000,0x00000000fce00000)
 ParOldGen       total 186880K, used 111368K [0x00000000a0000000, 0x00000000ab680000, 0x00000000e0000000)
  object space 186880K, 59% used [0x00000000a0000000,0x00000000a6cc23c0,0x00000000ab680000)
 Metaspace       used 92806K, capacity 100962K, committed 101120K, reserved 1136640K
  class space    used 11681K, capacity 13512K, committed 13568K, reserved 1048576K
Event: 22150.882 GC heap after
Heap after GC invocations=39 (full 4):
 PSYoungGen      total 473088K, used 50156K [0x00000000e0000000, 0x0000000100000000, 0x0000000100000000)
  eden space 422912K, 0% used [0x00000000e0000000,0x00000000e0000000,0x00000000f9d00000)
  from space 50176K, 99% used [0x00000000f9d00000,0x00000000fcdfb2c8,0x00000000fce00000)
  to   space 51200K, 0% used [0x00000000fce00000,0x00000000fce00000,0x0000000100000000)
 ParOldGen       total 186880K, used 169576K [0x00000000a0000000, 0x00000000ab680000, 0x00000000e0000000)
  object space 186880K, 90% used [0x00000000a0000000,0x00000000aa59a318,0x00000000ab680000)
 Metaspace       used 92806K, capacity 100962K, committed 101120K, reserved 1136640K
  class space    used 11681K, capacity 13512K, committed 13568K, reserved 1048576K
}
Event: 22150.882 GC heap before
{Heap before GC invocations=40 (full 5):
 PSYoungGen      total 473088K, used 50156K [0x00000000e0000000, 0x0000000100000000, 0x0000000100000000)
  eden space 422912K, 0% used [0x00000000e0000000,0x00000000e0000000,0x00000000f9d00000)
  from space 50176K, 99% used [0x00000000f9d00000,0x00000000fcdfb2c8,0x00000000fce00000)
  to   space 51200K, 0% used [0x00000000fce00000,0x00000000fce00000,0x0000000100000000)
 ParOldGen       total 186880K, used 169576K [0x00000000a0000000, 0x00000000ab680000, 0x00000000e0000000)
  object space 186880K, 90% used [0x00000000a0000000,0x00000000aa59a318,0x00000000ab680000)
 Metaspace       used 92806K, capacity 100962K, committed 101120K, reserved 1136640K
  class space    used 11681K, capacity 13512K, committed 13568K, reserved 1048576K

